Library/app/build/outputs/logs/manifest-merger-debug-report.txt
-- Merging decision tree log ---
manifest
ADDED from src/main/AndroidManifest.xml:2:1-48:12
	package
		ADDED from src/main/AndroidManifest.xml:3:5-31
		INJECTED from src/main/AndroidManifest.xml
		INJECTED from src/main/AndroidManifest.xml
	android:versionName
		ADDED from src/main/AndroidManifest.xml:5:5-30
		INJECTED from src/main/AndroidManifest.xml
		INJECTED from src/main/AndroidManifest.xml
	android:versionCode
		ADDED from src/main/AndroidManifest.xml:4:5-28
		INJECTED from src/main/AndroidManifest.xml
		INJECTED from src/main/AndroidManifest.xml
	xmlns:android
		ADDED from src/main/AndroidManifest.xml:2:11-69
uses-permission#android.permission.INTERNET
ADDED from src/main/AndroidManifest.xml:7:5-67
	android:name
		ADDED from src/main/AndroidManifest.xml:7:22-64
uses-permission#android.permission.NFC
ADDED from src/main/AndroidManifest.xml:8:5-62
	android:name
		ADDED from src/main/AndroidManifest.xml:8:22-59
uses-sdk
ADDED from src/main/AndroidManifest.xml:10:5-12:41
MERGED from [com.android.support:support-v4:21.0.3] AndroidManifest.xml:15:5-42
	android:targetSdkVersion
		ADDED from src/main/AndroidManifest.xml:12:9-38
		INJECTED from src/main/AndroidManifest.xml
		INJECTED from src/main/AndroidManifest.xml
	android:minSdkVersion
		ADDED from src/main/AndroidManifest.xml:11:9-35
		INJECTED from src/main/AndroidManifest.xml
		INJECTED from src/main/AndroidManifest.xml
application
ADDED from src/main/AndroidManifest.xml:14:5-46:19
MERGED from [com.android.support:support-v4:21.0.3] AndroidManifest.xml:16:5-19
	android:label
		ADDED from src/main/AndroidManifest.xml:17:9-41
	android:allowBackup
		ADDED from src/main/AndroidManifest.xml:15:9-35
	android:icon
		ADDED from src/main/AndroidManifest.xml:16:9-45
	android:theme
		ADDED from src/main/AndroidManifest.xml:18:9-56
activity#com.lib.activity.MainActivity
ADDED from src/main/AndroidManifest.xml:20:9-32:20
	android:screenOrientation
		ADDED from src/main/AndroidManifest.xml:24:13-49
	android:label
		ADDED from src/main/AndroidManifest.xml:23:13-45
	android:windowSoftInputMode
		ADDED from src/main/AndroidManifest.xml:25:13-52
	android:configChanges
		ADDED from src/main/AndroidManifest.xml:22:13-74
	android:theme
		ADDED from src/main/AndroidManifest.xml:26:13-43
	android:name
		ADDED from src/main/AndroidManifest.xml:21:13-57
intent-filter#android.intent.action.MAIN+android.intent.category.LAUNCHER
ADDED from src/main/AndroidManifest.xml:28:13-31:29
action#android.intent.action.MAIN
ADDED from src/main/AndroidManifest.xml:29:17-69
	android:name
		ADDED from src/main/AndroidManifest.xml:29:25-66
category#android.intent.category.LAUNCHER
ADDED from src/main/AndroidManifest.xml:30:17-77
	android:name
		ADDED from src/main/AndroidManifest.xml:30:27-74
activity#com.lib.activity.PersonalInfoActivity
ADDED from src/main/AndroidManifest.xml:34:9-35:59
	android:theme
		ADDED from src/main/AndroidManifest.xml:35:15-45
	android:name
		ADDED from src/main/AndroidManifest.xml:34:19-71
activity#com.lib.activity.RegisterActivity
ADDED from src/main/AndroidManifest.xml:36:9-37:59
	android:theme
		ADDED from src/main/AndroidManifest.xml:37:15-45
	android:name
		ADDED from src/main/AndroidManifest.xml:36:19-67
activity#com.lib.activity.LoginActivity
ADDED from src/main/AndroidManifest.xml:38:9-39:63
	android:theme
		ADDED from src/main/AndroidManifest.xml:39:19-49
	android:name
		ADDED from src/main/AndroidManifest.xml:38:19-64
activity#com.lib.activity.FeedbackActivity
ADDED from src/main/AndroidManifest.xml:40:9-41:63
	android:theme
		ADDED from src/main/AndroidManifest.xml:41:19-49
	android:name
		ADDED from src/main/AndroidManifest.xml:40:19-67
activity#com.lib.activity.StateActivity
ADDED from src/main/AndroidManifest.xml:42:9-43:62
	android:theme
		ADDED from src/main/AndroidManifest.xml:43:19-49
	android:name
		ADDED from src/main/AndroidManifest.xml:42:19-64
activity#com.lib.activity.LibSeat
ADDED from src/main/AndroidManifest.xml:44:9-45:59
	android:theme
		ADDED from src/main/AndroidManifest.xml:45:15-45
	android:name
		ADDED from src/main/AndroidManifest.xml:44:19-58